<?xml version="1.0" encoding="UTF-8"?>
<!-- Generated by org.testng.reporters.JUnitReportReporter -->
<testsuite hostname="DESKTOP-LBD5C48" failures="0" tests="1" name="com.crystalrunhealthcare.Tests.SignInPageTest" time="0.008" errors="0" timestamp="2022-06-20T14:28:32 IST" skipped="0">
  <testcase classname="com.crystalrunhealthcare.Tests.SignInPageTest" name="SignIn" time="0.008"/>
  <system-out/>
</testsuite> <!-- com.crystalrunhealthcare.Tests.SignInPageTest -->
