<?xml version="1.0" encoding="UTF-8"?>
<!-- Generated by org.testng.reporters.JUnitReportReporter -->
<testsuite hostname="DESKTOP-LBD5C48" failures="0" tests="1" name="testCase.LoginPageTest" time="16.232" errors="0" timestamp="2022-06-11T15:00:44 IST" skipped="0">
  <testcase classname="testCase.LoginPageTest" name="login" time="16.232"/>
  <system-out/>
</testsuite> <!-- testCase.LoginPageTest -->
