<?xml version="1.0" encoding="UTF-8"?>
<!-- Generated by org.testng.reporters.JUnitReportReporter -->
<testsuite hostname="DESKTOP-LBD5C48" failures="0" tests="2" name="com.medevantage.medrefill.testCase.VerifyOTP_Test" time="25.165" errors="0" timestamp="2022-12-16T12:35:46 IST" skipped="0">
  <testcase classname="com.medevantage.medrefill.testCase.VerifyOTP_Test" name="enterYourOTP" time="13.253"/>
  <system-out/>
  <testcase classname="com.medevantage.medrefill.testCase.VerifyOTP_Test" name="enterYourOTP" time="11.912"/>
  <system-out/>
</testsuite> <!-- com.medevantage.medrefill.testCase.VerifyOTP_Test -->
