<?xml version="1.0" encoding="UTF-8"?>
<!-- Generated by org.testng.reporters.JUnitReportReporter -->
<testsuite hostname="DESKTOP-LBD5C48" failures="0" tests="2" name="com.medevantage.medrefill.testCase.PatientVerification_Test" time="22.538" errors="0" timestamp="2022-12-16T12:35:46 IST" skipped="0">
  <testcase classname="com.medevantage.medrefill.testCase.PatientVerification_Test" name="patientVerification" time="11.292"/>
  <system-out/>
  <testcase classname="com.medevantage.medrefill.testCase.PatientVerification_Test" name="patientVerification" time="11.246"/>
  <system-out/>
</testsuite> <!-- com.medevantage.medrefill.testCase.PatientVerification_Test -->
