<?xml version="1.0" encoding="UTF-8"?>
<!-- Generated by org.testng.reporters.JUnitReportReporter -->
<testsuite hostname="DESKTOP-LBD5C48" failures="0" tests="1" name="com.medevantage.medrefill.testCase.MessagYourProvider_Test" time="11.171" errors="0" timestamp="2022-12-16T12:35:46 IST" skipped="0">
  <testcase classname="com.medevantage.medrefill.testCase.MessagYourProvider_Test" name="messageYourProvider" time="11.171"/>
  <system-out/>
</testsuite> <!-- com.medevantage.medrefill.testCase.MessagYourProvider_Test -->
